niri-sidepanels: Listening for window events...
[focus] WindowFocusChanged → reorder
[wlc] received: ids=[3, 30]
[wlc] short-circuit: none of the changed ids are panel-tracked
[wlc] received: ids=[38]
[wlc] id=38 side=Left: cooling down (481ms remaining), skipping drift check
[wlc] to_eject=[]
[wlc] received: ids=[38]
[wlc] id=38 side=Left: cooling down (461ms remaining), skipping drift check
[wlc] to_eject=[]
[focus] WindowFocusChanged → reorder
[reorder] side=Left id=38: expected=ExpectedLayout { x: 10, y: 10, width: 400, height: 1376 } reported_pos=Some((10.0, 54.0)) reported_size=(400, 1376) verdict=Drift
[reorder] side=Left id=38: cooldown set until 1777256748863 (500ms from now)
[wlc] received: ids=[3, 30]
[wlc] short-circuit: none of the changed ids are panel-tracked
[wlc] received: ids=[38]
[wlc] id=38 side=Left: cooling down (500ms remaining), skipping drift check
[wlc] to_eject=[]
[wlc] received: ids=[38]
[wlc] id=38 side=Left: cooling down (494ms remaining), skipping drift check
[wlc] to_eject=[]
[wlc] received: ids=[35]
[wlc] id=35 side=Left: cooling down (473ms remaining), skipping drift check
[wlc] to_eject=[]
[wlc] received: ids=[35]
[wlc] id=35 side=Left: cooling down (456ms remaining), skipping drift check
[wlc] to_eject=[]
[focus] WindowFocusChanged → reorder
[reorder] side=Left id=38: expected=ExpectedLayout { x: 10, y: 703, width: 400, height: 683 } reported_pos=Some((10.0, 747.0)) reported_size=(400, 683) verdict=Drift
[reorder] side=Left id=38: cooldown set until 1777256752049 (500ms from now)
[reorder] side=Left id=35: expected=ExpectedLayout { x: 10, y: 10, width: 400, height: 683 } reported_pos=Some((10.0, 54.0)) reported_size=(400, 683) verdict=Drift
[reorder] side=Left id=35: cooldown set until 1777256752049 (500ms from now)
[wlc] received: ids=[38]
[wlc] id=38 side=Left: cooling down (500ms remaining), skipping drift check
[wlc] to_eject=[]
[wlc] received: ids=[35]
[wlc] id=35 side=Left: cooling down (500ms remaining), skipping drift check
[wlc] to_eject=[]
[wlc] received: ids=[30]
[wlc] id=30 side=Left: cooling down (499ms remaining), skipping drift check
[wlc] to_eject=[]
[wlc] received: ids=[38]
[wlc] id=38 side=Left: cooling down (497ms remaining), skipping drift check
[wlc] to_eject=[]
[wlc] received: ids=[35]
[wlc] id=35 side=Left: cooling down (492ms remaining), skipping drift check
[wlc] to_eject=[]
[wlc] received: ids=[30]
[wlc] id=30 side=Left: cooling down (492ms remaining), skipping drift check
[wlc] to_eject=[]
[wlc] received: ids=[30]
[wlc] id=30 side=Left: cooling down (474ms remaining), skipping drift check
[wlc] to_eject=[]
[focus] WindowFocusChanged → reorder
[reorder] side=Left id=38: expected=ExpectedLayout { x: 10, y: 934, width: 400, height: 452 } reported_pos=Some((10.0, 978.0)) reported_size=(400, 452) verdict=Drift
[reorder] side=Left id=38: cooldown set until 1777256755205 (500ms from now)
[reorder] side=Left id=35: expected=ExpectedLayout { x: 10, y: 472, width: 400, height: 452 } reported_pos=Some((10.0, 516.0)) reported_size=(400, 452) verdict=Drift
[reorder] side=Left id=35: cooldown set until 1777256755205 (500ms from now)
[reorder] side=Left id=30: expected=ExpectedLayout { x: 10, y: 10, width: 400, height: 452 } reported_pos=Some((10.0, 54.0)) reported_size=(500, 452) verdict=Drift
[reorder] side=Left id=30: cooldown set until 1777256755205 (500ms from now)
[focus] WindowFocusChanged → reorder
[reorder] side=Left id=38: expected=ExpectedLayout { x: 10, y: 934, width: 400, height: 452 } reported_pos=Some((831.0, 620.0)) reported_size=(400, 452) verdict=Drift
[reorder] side=Left id=38: cooldown set until 1777256763482 (500ms from now)
[reorder] side=Left id=35: expected=ExpectedLayout { x: 10, y: 472, width: 400, height: 452 } reported_pos=Some((10.0, 516.0)) reported_size=(400, 452) verdict=Drift
[reorder] side=Left id=35: cooldown set until 1777256763482 (500ms from now)
[reorder] side=Left id=30: expected=ExpectedLayout { x: 10, y: 10, width: 400, height: 452 } reported_pos=Some((10.0, 54.0)) reported_size=(500, 452) verdict=Drift
[reorder] side=Left id=30: cooldown set until 1777256763482 (500ms from now)
[wlc] received: ids=[38]
[wlc] id=38 side=Left: cooling down (499ms remaining), skipping drift check
[wlc] to_eject=[]
